mode: set
github.com/UW-Info-441-Winter-Quarter-2020/homework-cforbes1/servers/gateway/models/users/user.go:55.37,56.55 1 1
github.com/UW-Info-441-Winter-Quarter-2020/homework-cforbes1/servers/gateway/models/users/user.go:59.2,59.26 1 1
github.com/UW-Info-441-Winter-Quarter-2020/homework-cforbes1/servers/gateway/models/users/user.go:62.2,62.36 1 1
github.com/UW-Info-441-Winter-Quarter-2020/homework-cforbes1/servers/gateway/models/users/user.go:65.2,65.27 1 1
github.com/UW-Info-441-Winter-Quarter-2020/homework-cforbes1/servers/gateway/models/users/user.go:68.2,68.40 1 1
github.com/UW-Info-441-Winter-Quarter-2020/homework-cforbes1/servers/gateway/models/users/user.go:71.2,71.12 1 1
github.com/UW-Info-441-Winter-Quarter-2020/homework-cforbes1/servers/gateway/models/users/user.go:56.55,58.3 1 1
github.com/UW-Info-441-Winter-Quarter-2020/homework-cforbes1/servers/gateway/models/users/user.go:59.26,61.3 1 1
github.com/UW-Info-441-Winter-Quarter-2020/homework-cforbes1/servers/gateway/models/users/user.go:62.36,64.3 1 1
github.com/UW-Info-441-Winter-Quarter-2020/homework-cforbes1/servers/gateway/models/users/user.go:65.27,67.3 1 1
github.com/UW-Info-441-Winter-Quarter-2020/homework-cforbes1/servers/gateway/models/users/user.go:68.40,70.3 1 1
github.com/UW-Info-441-Winter-Quarter-2020/homework-cforbes1/servers/gateway/models/users/user.go:76.44,77.38 1 1
github.com/UW-Info-441-Winter-Quarter-2020/homework-cforbes1/servers/gateway/models/users/user.go:81.2,94.54 7 1
github.com/UW-Info-441-Winter-Quarter-2020/homework-cforbes1/servers/gateway/models/users/user.go:98.2,98.18 1 1
github.com/UW-Info-441-Winter-Quarter-2020/homework-cforbes1/servers/gateway/models/users/user.go:77.38,79.3 1 0
github.com/UW-Info-441-Winter-Quarter-2020/homework-cforbes1/servers/gateway/models/users/user.go:94.54,96.3 1 0
github.com/UW-Info-441-Winter-Quarter-2020/homework-cforbes1/servers/gateway/models/users/user.go:106.34,107.43 1 1
github.com/UW-Info-441-Winter-Quarter-2020/homework-cforbes1/servers/gateway/models/users/user.go:110.2,110.22 1 1
github.com/UW-Info-441-Winter-Quarter-2020/homework-cforbes1/servers/gateway/models/users/user.go:113.2,113.23 1 1
github.com/UW-Info-441-Winter-Quarter-2020/homework-cforbes1/servers/gateway/models/users/user.go:116.2,116.39 1 1
github.com/UW-Info-441-Winter-Quarter-2020/homework-cforbes1/servers/gateway/models/users/user.go:107.43,109.3 1 1
github.com/UW-Info-441-Winter-Quarter-2020/homework-cforbes1/servers/gateway/models/users/user.go:110.22,112.3 1 1
github.com/UW-Info-441-Winter-Quarter-2020/homework-cforbes1/servers/gateway/models/users/user.go:113.23,115.3 1 1
github.com/UW-Info-441-Winter-Quarter-2020/homework-cforbes1/servers/gateway/models/users/user.go:120.51,122.16 2 1
github.com/UW-Info-441-Winter-Quarter-2020/homework-cforbes1/servers/gateway/models/users/user.go:125.2,126.12 2 1
github.com/UW-Info-441-Winter-Quarter-2020/homework-cforbes1/servers/gateway/models/users/user.go:122.16,124.3 1 0
github.com/UW-Info-441-Winter-Quarter-2020/homework-cforbes1/servers/gateway/models/users/user.go:131.52,132.84 1 1
github.com/UW-Info-441-Winter-Quarter-2020/homework-cforbes1/servers/gateway/models/users/user.go:135.2,135.12 1 1
github.com/UW-Info-441-Winter-Quarter-2020/homework-cforbes1/servers/gateway/models/users/user.go:132.84,134.3 1 1
github.com/UW-Info-441-Winter-Quarter-2020/homework-cforbes1/servers/gateway/models/users/user.go:140.53,141.55 1 1
github.com/UW-Info-441-Winter-Quarter-2020/homework-cforbes1/servers/gateway/models/users/user.go:144.2,144.29 1 1
github.com/UW-Info-441-Winter-Quarter-2020/homework-cforbes1/servers/gateway/models/users/user.go:147.2,147.28 1 1
github.com/UW-Info-441-Winter-Quarter-2020/homework-cforbes1/servers/gateway/models/users/user.go:150.2,150.12 1 1
github.com/UW-Info-441-Winter-Quarter-2020/homework-cforbes1/servers/gateway/models/users/user.go:141.55,143.3 1 1
github.com/UW-Info-441-Winter-Quarter-2020/homework-cforbes1/servers/gateway/models/users/user.go:144.29,146.3 1 1
github.com/UW-Info-441-Winter-Quarter-2020/homework-cforbes1/servers/gateway/models/users/user.go:147.28,149.3 1 1
github.com/UW-Info-441-Winter-Quarter-2020/homework-cforbes1/servers/gateway/models/users/mysqlstore.go:11.40,12.15 1 1
github.com/UW-Info-441-Winter-Quarter-2020/homework-cforbes1/servers/gateway/models/users/mysqlstore.go:15.2,17.3 1 1
github.com/UW-Info-441-Winter-Quarter-2020/homework-cforbes1/servers/gateway/models/users/mysqlstore.go:12.15,13.54 1 0
github.com/UW-Info-441-Winter-Quarter-2020/homework-cforbes1/servers/gateway/models/users/mysqlstore.go:34.53,37.16 3 1
github.com/UW-Info-441-Winter-Quarter-2020/homework-cforbes1/servers/gateway/models/users/mysqlstore.go:40.2,40.22 1 1
github.com/UW-Info-441-Winter-Quarter-2020/homework-cforbes1/servers/gateway/models/users/mysqlstore.go:37.16,39.3 1 0
github.com/UW-Info-441-Winter-Quarter-2020/homework-cforbes1/servers/gateway/models/users/mysqlstore.go:44.60,47.16 3 1
github.com/UW-Info-441-Winter-Quarter-2020/homework-cforbes1/servers/gateway/models/users/mysqlstore.go:50.2,50.22 1 1
github.com/UW-Info-441-Winter-Quarter-2020/homework-cforbes1/servers/gateway/models/users/mysqlstore.go:47.16,49.3 1 0
github.com/UW-Info-441-Winter-Quarter-2020/homework-cforbes1/servers/gateway/models/users/mysqlstore.go:54.66,57.16 3 1
github.com/UW-Info-441-Winter-Quarter-2020/homework-cforbes1/servers/gateway/models/users/mysqlstore.go:60.2,60.22 1 1
github.com/UW-Info-441-Winter-Quarter-2020/homework-cforbes1/servers/gateway/models/users/mysqlstore.go:57.16,59.3 1 0
github.com/UW-Info-441-Winter-Quarter-2020/homework-cforbes1/servers/gateway/models/users/mysqlstore.go:65.45,67.18 2 1
github.com/UW-Info-441-Winter-Quarter-2020/homework-cforbes1/servers/gateway/models/users/mysqlstore.go:73.2,73.35 1 1
github.com/UW-Info-441-Winter-Quarter-2020/homework-cforbes1/servers/gateway/models/users/mysqlstore.go:76.2,76.18 1 1
github.com/UW-Info-441-Winter-Quarter-2020/homework-cforbes1/servers/gateway/models/users/mysqlstore.go:67.18,69.65 1 1
github.com/UW-Info-441-Winter-Quarter-2020/homework-cforbes1/servers/gateway/models/users/mysqlstore.go:69.65,71.4 1 0
github.com/UW-Info-441-Winter-Quarter-2020/homework-cforbes1/servers/gateway/models/users/mysqlstore.go:73.35,75.3 1 0
github.com/UW-Info-441-Winter-Quarter-2020/homework-cforbes1/servers/gateway/models/users/mysqlstore.go:81.54,83.16 2 1
github.com/UW-Info-441-Winter-Quarter-2020/homework-cforbes1/servers/gateway/models/users/mysqlstore.go:87.2,88.16 2 1
github.com/UW-Info-441-Winter-Quarter-2020/homework-cforbes1/servers/gateway/models/users/mysqlstore.go:92.2,93.18 2 1
github.com/UW-Info-441-Winter-Quarter-2020/homework-cforbes1/servers/gateway/models/users/mysqlstore.go:83.16,85.3 1 0
github.com/UW-Info-441-Winter-Quarter-2020/homework-cforbes1/servers/gateway/models/users/mysqlstore.go:88.16,90.3 1 0
github.com/UW-Info-441-Winter-Quarter-2020/homework-cforbes1/servers/gateway/models/users/mysqlstore.go:98.70,100.16 2 1
github.com/UW-Info-441-Winter-Quarter-2020/homework-cforbes1/servers/gateway/models/users/mysqlstore.go:103.2,103.22 1 1
github.com/UW-Info-441-Winter-Quarter-2020/homework-cforbes1/servers/gateway/models/users/mysqlstore.go:100.16,102.3 1 0
github.com/UW-Info-441-Winter-Quarter-2020/homework-cforbes1/servers/gateway/models/users/mysqlstore.go:107.43,109.16 2 1
github.com/UW-Info-441-Winter-Quarter-2020/homework-cforbes1/servers/gateway/models/users/mysqlstore.go:112.2,112.12 1 1
github.com/UW-Info-441-Winter-Quarter-2020/homework-cforbes1/servers/gateway/models/users/mysqlstore.go:109.16,111.3 1 0
