mode: set
github.com/UW-Info-441-Winter-Quarter-2020/homework-cforbes1/servers/gateway/handlers/auth.go:16.77,18.33 1 0
github.com/UW-Info-441-Winter-Quarter-2020/homework-cforbes1/servers/gateway/handlers/auth.go:18.33,21.51 2 0
github.com/UW-Info-441-Winter-Quarter-2020/homework-cforbes1/servers/gateway/handlers/auth.go:28.3,30.17 3 0
github.com/UW-Info-441-Winter-Quarter-2020/homework-cforbes1/servers/gateway/handlers/auth.go:34.3,35.17 2 0
github.com/UW-Info-441-Winter-Quarter-2020/homework-cforbes1/servers/gateway/handlers/auth.go:39.3,53.17 7 0
github.com/UW-Info-441-Winter-Quarter-2020/homework-cforbes1/servers/gateway/handlers/auth.go:57.3,57.41 1 0
github.com/UW-Info-441-Winter-Quarter-2020/homework-cforbes1/servers/gateway/handlers/auth.go:61.3,62.17 2 0
github.com/UW-Info-441-Winter-Quarter-2020/homework-cforbes1/servers/gateway/handlers/auth.go:21.51,24.4 2 0
github.com/UW-Info-441-Winter-Quarter-2020/homework-cforbes1/servers/gateway/handlers/auth.go:30.17,33.4 2 0
github.com/UW-Info-441-Winter-Quarter-2020/homework-cforbes1/servers/gateway/handlers/auth.go:35.17,38.4 2 0
github.com/UW-Info-441-Winter-Quarter-2020/homework-cforbes1/servers/gateway/handlers/auth.go:53.17,56.4 2 0
github.com/UW-Info-441-Winter-Quarter-2020/homework-cforbes1/servers/gateway/handlers/auth.go:57.41,60.4 2 0
github.com/UW-Info-441-Winter-Quarter-2020/homework-cforbes1/servers/gateway/handlers/auth.go:62.17,65.4 2 0
github.com/UW-Info-441-Winter-Quarter-2020/homework-cforbes1/servers/gateway/handlers/auth.go:66.8,69.3 2 0
github.com/UW-Info-441-Winter-Quarter-2020/homework-cforbes1/servers/gateway/handlers/auth.go:74.84,78.16 3 0
github.com/UW-Info-441-Winter-Quarter-2020/homework-cforbes1/servers/gateway/handlers/auth.go:82.2,85.32 2 0
github.com/UW-Info-441-Winter-Quarter-2020/homework-cforbes1/servers/gateway/handlers/auth.go:78.16,81.3 2 0
github.com/UW-Info-441-Winter-Quarter-2020/homework-cforbes1/servers/gateway/handlers/auth.go:85.32,91.17 4 0
github.com/UW-Info-441-Winter-Quarter-2020/homework-cforbes1/servers/gateway/handlers/auth.go:98.3,100.56 3 0
github.com/UW-Info-441-Winter-Quarter-2020/homework-cforbes1/servers/gateway/handlers/auth.go:91.17,94.4 2 0
github.com/UW-Info-441-Winter-Quarter-2020/homework-cforbes1/servers/gateway/handlers/auth.go:100.56,103.4 2 0
github.com/UW-Info-441-Winter-Quarter-2020/homework-cforbes1/servers/gateway/handlers/auth.go:106.8,106.41 1 0
github.com/UW-Info-441-Winter-Quarter-2020/homework-cforbes1/servers/gateway/handlers/auth.go:106.41,110.23 3 0
github.com/UW-Info-441-Winter-Quarter-2020/homework-cforbes1/servers/gateway/handlers/auth.go:119.3,120.51 2 0
github.com/UW-Info-441-Winter-Quarter-2020/homework-cforbes1/servers/gateway/handlers/auth.go:126.3,130.17 5 0
github.com/UW-Info-441-Winter-Quarter-2020/homework-cforbes1/servers/gateway/handlers/auth.go:136.3,138.69 3 0
github.com/UW-Info-441-Winter-Quarter-2020/homework-cforbes1/servers/gateway/handlers/auth.go:110.23,112.42 2 0
github.com/UW-Info-441-Winter-Quarter-2020/homework-cforbes1/servers/gateway/handlers/auth.go:112.42,115.5 2 0
github.com/UW-Info-441-Winter-Quarter-2020/homework-cforbes1/servers/gateway/handlers/auth.go:120.51,123.4 2 0
github.com/UW-Info-441-Winter-Quarter-2020/homework-cforbes1/servers/gateway/handlers/auth.go:130.17,133.4 2 0
github.com/UW-Info-441-Winter-Quarter-2020/homework-cforbes1/servers/gateway/handlers/auth.go:138.69,141.4 2 0
github.com/UW-Info-441-Winter-Quarter-2020/homework-cforbes1/servers/gateway/handlers/auth.go:144.8,147.3 2 0
github.com/UW-Info-441-Winter-Quarter-2020/homework-cforbes1/servers/gateway/handlers/auth.go:152.80,154.33 1 0
github.com/UW-Info-441-Winter-Quarter-2020/homework-cforbes1/servers/gateway/handlers/auth.go:160.2,161.50 2 0
github.com/UW-Info-441-Winter-Quarter-2020/homework-cforbes1/servers/gateway/handlers/auth.go:167.2,169.16 3 0
github.com/UW-Info-441-Winter-Quarter-2020/homework-cforbes1/servers/gateway/handlers/auth.go:175.2,177.16 2 0
github.com/UW-Info-441-Winter-Quarter-2020/homework-cforbes1/servers/gateway/handlers/auth.go:183.2,184.16 2 0
github.com/UW-Info-441-Winter-Quarter-2020/homework-cforbes1/servers/gateway/handlers/auth.go:190.2,199.55 5 0
github.com/UW-Info-441-Winter-Quarter-2020/homework-cforbes1/servers/gateway/handlers/auth.go:154.33,157.3 2 0
github.com/UW-Info-441-Winter-Quarter-2020/homework-cforbes1/servers/gateway/handlers/auth.go:161.50,164.3 2 0
github.com/UW-Info-441-Winter-Quarter-2020/homework-cforbes1/servers/gateway/handlers/auth.go:169.16,172.3 2 0
github.com/UW-Info-441-Winter-Quarter-2020/homework-cforbes1/servers/gateway/handlers/auth.go:177.16,181.3 2 0
github.com/UW-Info-441-Winter-Quarter-2020/homework-cforbes1/servers/gateway/handlers/auth.go:184.16,187.3 2 0
github.com/UW-Info-441-Winter-Quarter-2020/homework-cforbes1/servers/gateway/handlers/auth.go:199.55,202.3 2 0
github.com/UW-Info-441-Winter-Quarter-2020/homework-cforbes1/servers/gateway/handlers/auth.go:206.87,208.35 1 0
github.com/UW-Info-441-Winter-Quarter-2020/homework-cforbes1/servers/gateway/handlers/auth.go:208.35,209.45 1 0
github.com/UW-Info-441-Winter-Quarter-2020/homework-cforbes1/servers/gateway/handlers/auth.go:213.3,214.32 2 0
github.com/UW-Info-441-Winter-Quarter-2020/homework-cforbes1/servers/gateway/handlers/auth.go:209.45,212.4 2 0
github.com/UW-Info-441-Winter-Quarter-2020/homework-cforbes1/servers/gateway/handlers/auth.go:215.8,218.3 2 0
github.com/UW-Info-441-Winter-Quarter-2020/homework-cforbes1/servers/gateway/handlers/cors.go:15.72,22.36 6 1
github.com/UW-Info-441-Winter-Quarter-2020/homework-cforbes1/servers/gateway/handlers/cors.go:49.2,49.27 1 0
github.com/UW-Info-441-Winter-Quarter-2020/homework-cforbes1/servers/gateway/handlers/cors.go:22.36,25.50 3 1
github.com/UW-Info-441-Winter-Quarter-2020/homework-cforbes1/servers/gateway/handlers/cors.go:30.3,35.34 6 1
github.com/UW-Info-441-Winter-Quarter-2020/homework-cforbes1/servers/gateway/handlers/cors.go:38.3,39.46 2 1
github.com/UW-Info-441-Winter-Quarter-2020/homework-cforbes1/servers/gateway/handlers/cors.go:46.3,47.9 2 1
github.com/UW-Info-441-Winter-Quarter-2020/homework-cforbes1/servers/gateway/handlers/cors.go:25.50,28.4 2 1
github.com/UW-Info-441-Winter-Quarter-2020/homework-cforbes1/servers/gateway/handlers/cors.go:35.34,37.4 1 1
github.com/UW-Info-441-Winter-Quarter-2020/homework-cforbes1/servers/gateway/handlers/cors.go:39.46,41.20 2 1
github.com/UW-Info-441-Winter-Quarter-2020/homework-cforbes1/servers/gateway/handlers/cors.go:41.20,44.5 2 1
github.com/UW-Info-441-Winter-Quarter-2020/homework-cforbes1/servers/gateway/handlers/cors.go:53.60,55.2 1 1
github.com/UW-Info-441-Winter-Quarter-2020/homework-cforbes1/servers/gateway/handlers/summary.go:44.61,47.19 3 1
github.com/UW-Info-441-Winter-Quarter-2020/homework-cforbes1/servers/gateway/handlers/summary.go:51.2,52.16 2 1
github.com/UW-Info-441-Winter-Quarter-2020/homework-cforbes1/servers/gateway/handlers/summary.go:56.2,57.16 2 1
github.com/UW-Info-441-Winter-Quarter-2020/homework-cforbes1/servers/gateway/handlers/summary.go:61.2,64.44 4 1
github.com/UW-Info-441-Winter-Quarter-2020/homework-cforbes1/servers/gateway/handlers/summary.go:47.19,50.3 2 0
github.com/UW-Info-441-Winter-Quarter-2020/homework-cforbes1/servers/gateway/handlers/summary.go:52.16,55.3 2 0
github.com/UW-Info-441-Winter-Quarter-2020/homework-cforbes1/servers/gateway/handlers/summary.go:57.16,60.3 2 0
github.com/UW-Info-441-Winter-Quarter-2020/homework-cforbes1/servers/gateway/handlers/summary.go:64.44,67.3 2 0
github.com/UW-Info-441-Winter-Quarter-2020/homework-cforbes1/servers/gateway/handlers/summary.go:74.55,76.16 2 1
github.com/UW-Info-441-Winter-Quarter-2020/homework-cforbes1/servers/gateway/handlers/summary.go:79.2,79.28 1 1
github.com/UW-Info-441-Winter-Quarter-2020/homework-cforbes1/servers/gateway/handlers/summary.go:82.2,83.44 2 1
github.com/UW-Info-441-Winter-Quarter-2020/homework-cforbes1/servers/gateway/handlers/summary.go:86.2,86.23 1 1
github.com/UW-Info-441-Winter-Quarter-2020/homework-cforbes1/servers/gateway/handlers/summary.go:76.16,78.3 1 0
github.com/UW-Info-441-Winter-Quarter-2020/homework-cforbes1/servers/gateway/handlers/summary.go:79.28,81.3 1 1
github.com/UW-Info-441-Winter-Quarter-2020/homework-cforbes1/servers/gateway/handlers/summary.go:83.44,85.3 1 1
github.com/UW-Info-441-Winter-Quarter-2020/homework-cforbes1/servers/gateway/handlers/summary.go:91.85,98.22 7 1
github.com/UW-Info-441-Winter-Quarter-2020/homework-cforbes1/servers/gateway/handlers/summary.go:102.2,105.6 3 1
github.com/UW-Info-441-Winter-Quarter-2020/homework-cforbes1/servers/gateway/handlers/summary.go:213.2,213.20 1 1
github.com/UW-Info-441-Winter-Quarter-2020/homework-cforbes1/servers/gateway/handlers/summary.go:216.2,216.21 1 1
github.com/UW-Info-441-Winter-Quarter-2020/homework-cforbes1/servers/gateway/handlers/summary.go:219.2,219.21 1 1
github.com/UW-Info-441-Winter-Quarter-2020/homework-cforbes1/servers/gateway/handlers/summary.go:98.22,100.3 1 1
github.com/UW-Info-441-Winter-Quarter-2020/homework-cforbes1/servers/gateway/handlers/summary.go:105.6,107.35 2 1
github.com/UW-Info-441-Winter-Quarter-2020/homework-cforbes1/servers/gateway/handlers/summary.go:115.3,115.79 1 1
github.com/UW-Info-441-Winter-Quarter-2020/homework-cforbes1/servers/gateway/handlers/summary.go:206.3,206.36 1 1
github.com/UW-Info-441-Winter-Quarter-2020/homework-cforbes1/servers/gateway/handlers/summary.go:107.35,109.21 2 1
github.com/UW-Info-441-Winter-Quarter-2020/homework-cforbes1/servers/gateway/handlers/summary.go:112.4,112.19 1 0
github.com/UW-Info-441-Winter-Quarter-2020/homework-cforbes1/servers/gateway/handlers/summary.go:109.21,111.5 1 1
github.com/UW-Info-441-Winter-Quarter-2020/homework-cforbes1/servers/gateway/handlers/summary.go:115.79,117.28 2 1
github.com/UW-Info-441-Winter-Quarter-2020/homework-cforbes1/servers/gateway/handlers/summary.go:120.4,120.28 1 1
github.com/UW-Info-441-Winter-Quarter-2020/homework-cforbes1/servers/gateway/handlers/summary.go:163.4,163.29 1 1
github.com/UW-Info-441-Winter-Quarter-2020/homework-cforbes1/servers/gateway/handlers/summary.go:171.4,171.28 1 1
github.com/UW-Info-441-Winter-Quarter-2020/homework-cforbes1/servers/gateway/handlers/summary.go:117.28,118.10 1 0
github.com/UW-Info-441-Winter-Quarter-2020/homework-cforbes1/servers/gateway/handlers/summary.go:120.28,124.16 2 1
github.com/UW-Info-441-Winter-Quarter-2020/homework-cforbes1/servers/gateway/handlers/summary.go:125.20,126.26 1 1
github.com/UW-Info-441-Winter-Quarter-2020/homework-cforbes1/servers/gateway/handlers/summary.go:127.19,128.25 1 1
github.com/UW-Info-441-Winter-Quarter-2020/homework-cforbes1/servers/gateway/handlers/summary.go:129.21,130.21 1 1
github.com/UW-Info-441-Winter-Quarter-2020/homework-cforbes1/servers/gateway/handlers/summary.go:134.6,134.27 1 1
github.com/UW-Info-441-Winter-Quarter-2020/homework-cforbes1/servers/gateway/handlers/summary.go:135.25,136.30 1 1
github.com/UW-Info-441-Winter-Quarter-2020/homework-cforbes1/servers/gateway/handlers/summary.go:137.27,139.22 2 1
github.com/UW-Info-441-Winter-Quarter-2020/homework-cforbes1/servers/gateway/handlers/summary.go:140.24,141.20 1 1
github.com/UW-Info-441-Winter-Quarter-2020/homework-cforbes1/servers/gateway/handlers/summary.go:144.19,145.28 1 1
github.com/UW-Info-441-Winter-Quarter-2020/homework-cforbes1/servers/gateway/handlers/summary.go:146.21,147.43 1 1
github.com/UW-Info-441-Winter-Quarter-2020/homework-cforbes1/servers/gateway/handlers/summary.go:148.21,149.68 1 1
github.com/UW-Info-441-Winter-Quarter-2020/homework-cforbes1/servers/gateway/handlers/summary.go:150.32,151.45 1 1
github.com/UW-Info-441-Winter-Quarter-2020/homework-cforbes1/servers/gateway/handlers/summary.go:152.26,153.40 1 1
github.com/UW-Info-441-Winter-Quarter-2020/homework-cforbes1/servers/gateway/handlers/summary.go:154.27,155.58 1 1
github.com/UW-Info-441-Winter-Quarter-2020/homework-cforbes1/servers/gateway/handlers/summary.go:156.28,157.59 1 1
github.com/UW-Info-441-Winter-Quarter-2020/homework-cforbes1/servers/gateway/handlers/summary.go:158.25,159.39 1 1
github.com/UW-Info-441-Winter-Quarter-2020/homework-cforbes1/servers/gateway/handlers/summary.go:130.21,133.7 2 1
github.com/UW-Info-441-Winter-Quarter-2020/homework-cforbes1/servers/gateway/handlers/summary.go:141.20,143.7 1 1
github.com/UW-Info-441-Winter-Quarter-2020/homework-cforbes1/servers/gateway/handlers/summary.go:163.29,164.20 1 1
github.com/UW-Info-441-Winter-Quarter-2020/homework-cforbes1/servers/gateway/handlers/summary.go:164.20,166.37 2 1
github.com/UW-Info-441-Winter-Quarter-2020/homework-cforbes1/servers/gateway/handlers/summary.go:166.37,168.7 1 1
github.com/UW-Info-441-Winter-Quarter-2020/homework-cforbes1/servers/gateway/handlers/summary.go:171.28,173.37 2 1
github.com/UW-Info-441-Winter-Quarter-2020/homework-cforbes1/servers/gateway/handlers/summary.go:187.5,187.15 1 1
github.com/UW-Info-441-Winter-Quarter-2020/homework-cforbes1/servers/gateway/handlers/summary.go:173.37,174.49 1 1
github.com/UW-Info-441-Winter-Quarter-2020/homework-cforbes1/servers/gateway/handlers/summary.go:177.6,177.28 1 1
github.com/UW-Info-441-Winter-Quarter-2020/homework-cforbes1/servers/gateway/handlers/summary.go:180.6,180.29 1 1
github.com/UW-Info-441-Winter-Quarter-2020/homework-cforbes1/servers/gateway/handlers/summary.go:183.6,183.28 1 1
github.com/UW-Info-441-Winter-Quarter-2020/homework-cforbes1/servers/gateway/handlers/summary.go:174.49,176.7 1 1
github.com/UW-Info-441-Winter-Quarter-2020/homework-cforbes1/servers/gateway/handlers/summary.go:177.28,179.7 1 1
github.com/UW-Info-441-Winter-Quarter-2020/homework-cforbes1/servers/gateway/handlers/summary.go:180.29,182.7 1 1
github.com/UW-Info-441-Winter-Quarter-2020/homework-cforbes1/servers/gateway/handlers/summary.go:183.28,185.7 1 1
github.com/UW-Info-441-Winter-Quarter-2020/homework-cforbes1/servers/gateway/handlers/summary.go:187.15,189.26 2 1
github.com/UW-Info-441-Winter-Quarter-2020/homework-cforbes1/servers/gateway/handlers/summary.go:194.6,194.25 1 1
github.com/UW-Info-441-Winter-Quarter-2020/homework-cforbes1/servers/gateway/handlers/summary.go:197.6,197.39 1 1
github.com/UW-Info-441-Winter-Quarter-2020/homework-cforbes1/servers/gateway/handlers/summary.go:189.26,191.7 1 1
github.com/UW-Info-441-Winter-Quarter-2020/homework-cforbes1/servers/gateway/handlers/summary.go:191.12,193.7 1 1
github.com/UW-Info-441-Winter-Quarter-2020/homework-cforbes1/servers/gateway/handlers/summary.go:194.25,196.7 1 1
github.com/UW-Info-441-Winter-Quarter-2020/homework-cforbes1/servers/gateway/handlers/summary.go:197.39,201.7 3 1
github.com/UW-Info-441-Winter-Quarter-2020/homework-cforbes1/servers/gateway/handlers/summary.go:206.36,208.28 2 1
github.com/UW-Info-441-Winter-Quarter-2020/homework-cforbes1/servers/gateway/handlers/summary.go:208.28,209.10 1 1
github.com/UW-Info-441-Winter-Quarter-2020/homework-cforbes1/servers/gateway/handlers/summary.go:213.20,215.3 1 1
github.com/UW-Info-441-Winter-Quarter-2020/homework-cforbes1/servers/gateway/handlers/summary.go:216.21,218.3 1 1
github.com/UW-Info-441-Winter-Quarter-2020/homework-cforbes1/servers/gateway/handlers/summary.go:222.57,224.34 2 1
github.com/UW-Info-441-Winter-Quarter-2020/homework-cforbes1/servers/gateway/handlers/summary.go:232.2,232.19 1 1
github.com/UW-Info-441-Winter-Quarter-2020/homework-cforbes1/servers/gateway/handlers/summary.go:224.34,225.51 1 1
github.com/UW-Info-441-Winter-Quarter-2020/homework-cforbes1/servers/gateway/handlers/summary.go:228.3,228.28 1 1
github.com/UW-Info-441-Winter-Quarter-2020/homework-cforbes1/servers/gateway/handlers/summary.go:225.51,227.4 1 1
github.com/UW-Info-441-Winter-Quarter-2020/homework-cforbes1/servers/gateway/handlers/summary.go:228.28,230.4 1 1
github.com/UW-Info-441-Winter-Quarter-2020/homework-cforbes1/servers/gateway/handlers/summary.go:235.44,237.39 2 1
github.com/UW-Info-441-Winter-Quarter-2020/homework-cforbes1/servers/gateway/handlers/summary.go:240.2,240.21 1 1
github.com/UW-Info-441-Winter-Quarter-2020/homework-cforbes1/servers/gateway/handlers/summary.go:237.39,239.3 1 1
github.com/UW-Info-441-Winter-Quarter-2020/homework-cforbes1/servers/gateway/handlers/summary.go:243.75,246.22 3 1
github.com/UW-Info-441-Winter-Quarter-2020/homework-cforbes1/servers/gateway/handlers/summary.go:251.2,251.14 1 1
github.com/UW-Info-441-Winter-Quarter-2020/homework-cforbes1/servers/gateway/handlers/summary.go:246.22,248.3 1 1
github.com/UW-Info-441-Winter-Quarter-2020/homework-cforbes1/servers/gateway/handlers/summary.go:248.8,250.3 1 1
